help.are
todo.txt
clans.are
limbo.are
immort.are
python.are
midgaard.are
school.are
arena.are
kai.are
under.are
trilex.are
dagger.are
zane.are
pixie.are
quest.are
gavin.are
outkast.are
ganon.are
kas.are
oddville.are
rakor.are
ryuujin.are
torm.are
gavin3.are
dwarfcty.are
clanhall.are
zane2.are
zane3.are
streeve.are
caitlynn.are
eyas.are
zane4.are
magius.are
eimmort.are
smurf.are
greenmidgaard.are
sewer.are
eschool.are
air.are
mobfact.are
ofcol2.are
ofcol.are
valley.are
olympus.are
plains.are
daycare.are
catacomb.are
dwarven.are
drow.are
wyvern.are
canyon.are
mahntor.are
thalos.are
mirror.are
nirvana.are
grove.are
gnome.are
shire.are
trollden.are
galaxy.are
redferne.are
dylan.are
grave.are
chapel.are
hitower.are
draconia.are
marsh.are
arachnos.are
haon.are
newthalos.are
midennir.are
moria.are
dream.are
mega1.are
eastern.are
hood.are
caedemon.are
rainbow.are
$
